c:\users\jeeyoung\source\repos\ch04\ch04_2\debug\vc142.pdb
c:\users\jeeyoung\source\repos\ch04\ch04_2\debug\vc142.idb
c:\users\jeeyoung\source\repos\ch04\ch04_2\debug\linkedlist.obj
c:\users\jeeyoung\source\repos\ch04\ch04_2\debug\ex4_2.obj
d:\저술\c_자료구조_4판\source\ms_visualstudio_2019_sourcecode\ch04\ch04_2\debug\vc142.pdb
d:\저술\c_자료구조_4판\source\ms_visualstudio_2019_sourcecode\ch04\ch04_2\debug\vc142.idb
d:\저술\c_자료구조_4판\source\ms_visualstudio_2019_sourcecode\ch04\ch04_2\debug\linkedlist.obj
d:\저술\c_자료구조_4판\source\ms_visualstudio_2019_sourcecode\ch04\ch04_2\debug\ex4_2.obj
c:\users\jeeyoung\source\repos\ch04\debug\ch04_2.exe
c:\users\jeeyoung\source\repos\ch04\debug\ch04_2.ilk
c:\users\jeeyoung\source\repos\ch04\debug\ch04_2.pdb
d:\저술\c_자료구조_4판\source\ms_visualstudio_2019_sourcecode\ch04\ch04_2\debug\ch04_2.ilk
d:\저술\c_자료구조_4판\source\ms_visualstudio_2019_sourcecode\ch04\debug\ch04_2.exe
d:\저술\c_자료구조_4판\source\ms_visualstudio_2019_sourcecode\ch04\debug\ch04_2.pdb
d:\0000.강의\2024\1학기\서울_(화123_g206)_자료구조\source\ms_visualstudio_2019_sourcecode\ch04\ch04_2\debug\ex4_2.obj
d:\0000.강의\2024\1학기\서울_(화123_g206)_자료구조\source\ms_visualstudio_2019_sourcecode\ch04\ch04_2\debug\linkedlist.obj
d:\0000.강의\2024\1학기\서울_(화123_g206)_자료구조\source\ms_visualstudio_2019_sourcecode\ch04\ch04_2\debug\ch04_2.ilk
d:\0000.강의\2024\1학기\서울_(화123_g206)_자료구조\source\ms_visualstudio_2019_sourcecode\ch04\ch04_2\debug\vc142.idb
d:\0000.강의\2024\1학기\서울_(화123_g206)_자료구조\source\ms_visualstudio_2019_sourcecode\ch04\ch04_2\debug\vc142.pdb
d:\0000.강의\2024\1학기\서울_(화123_g206)_자료구조\source\ms_visualstudio_2019_sourcecode\ch04\ch04_2\debug\ch04_2.tlog\cl.command.1.tlog
d:\0000.강의\2024\1학기\서울_(화123_g206)_자료구조\source\ms_visualstudio_2019_sourcecode\ch04\ch04_2\debug\ch04_2.tlog\cl.read.1.tlog
d:\0000.강의\2024\1학기\서울_(화123_g206)_자료구조\source\ms_visualstudio_2019_sourcecode\ch04\ch04_2\debug\ch04_2.tlog\cl.write.1.tlog
d:\0000.강의\2024\1학기\서울_(화123_g206)_자료구조\source\ms_visualstudio_2019_sourcecode\ch04\ch04_2\debug\ch04_2.tlog\link.command.1.tlog
d:\0000.강의\2024\1학기\서울_(화123_g206)_자료구조\source\ms_visualstudio_2019_sourcecode\ch04\ch04_2\debug\ch04_2.tlog\link.read.1.tlog
d:\0000.강의\2024\1학기\서울_(화123_g206)_자료구조\source\ms_visualstudio_2019_sourcecode\ch04\ch04_2\debug\ch04_2.tlog\link.write.1.tlog
