c:\users\jeeyoung\source\repos\ch04\ch04_4\debug\vc142.pdb
c:\users\jeeyoung\source\repos\ch04\ch04_4\debug\vc142.idb
c:\users\jeeyoung\source\repos\ch04\ch04_4\debug\ex4_4.obj
c:\users\jeeyoung\source\repos\ch04\ch04_4\debug\doublelinkedlist.obj
d:\저술\c_자료구조_4판\source\ms_visualstudio_2019_sourcecode\ch04\ch04_4\debug\vc142.pdb
d:\저술\c_자료구조_4판\source\ms_visualstudio_2019_sourcecode\ch04\ch04_4\debug\vc142.idb
d:\저술\c_자료구조_4판\source\ms_visualstudio_2019_sourcecode\ch04\ch04_4\debug\ex4_4.obj
d:\저술\c_자료구조_4판\source\ms_visualstudio_2019_sourcecode\ch04\ch04_4\debug\doublelinkedlist.obj
c:\users\jeeyoung\source\repos\ch04\debug\ch04_4.exe
c:\users\jeeyoung\source\repos\ch04\debug\ch04_4.ilk
c:\users\jeeyoung\source\repos\ch04\debug\ch04_4.pdb
d:\저술\c_자료구조_4판\source\ms_visualstudio_2019_sourcecode\ch04\ch04_4\debug\ch04_4.ilk
d:\저술\c_자료구조_4판\source\ms_visualstudio_2019_sourcecode\ch04\debug\ch04_4.exe
d:\저술\c_자료구조_4판\source\ms_visualstudio_2019_sourcecode\ch04\debug\ch04_4.pdb
d:\0000.강의\2024\1학기\서울_(화123_g206)_자료구조\source\ms_visualstudio_2019_sourcecode\ch04\ch04_4\debug\doublelinkedlist.obj
d:\0000.강의\2024\1학기\서울_(화123_g206)_자료구조\source\ms_visualstudio_2019_sourcecode\ch04\ch04_4\debug\ex4_4.obj
d:\0000.강의\2024\1학기\서울_(화123_g206)_자료구조\source\ms_visualstudio_2019_sourcecode\ch04\ch04_4\debug\ch04_4.ilk
d:\0000.강의\2024\1학기\서울_(화123_g206)_자료구조\source\ms_visualstudio_2019_sourcecode\ch04\ch04_4\debug\vc142.idb
d:\0000.강의\2024\1학기\서울_(화123_g206)_자료구조\source\ms_visualstudio_2019_sourcecode\ch04\ch04_4\debug\vc142.pdb
d:\0000.강의\2024\1학기\서울_(화123_g206)_자료구조\source\ms_visualstudio_2019_sourcecode\ch04\ch04_4\debug\ch04_4.tlog\cl.command.1.tlog
d:\0000.강의\2024\1학기\서울_(화123_g206)_자료구조\source\ms_visualstudio_2019_sourcecode\ch04\ch04_4\debug\ch04_4.tlog\cl.read.1.tlog
d:\0000.강의\2024\1학기\서울_(화123_g206)_자료구조\source\ms_visualstudio_2019_sourcecode\ch04\ch04_4\debug\ch04_4.tlog\cl.write.1.tlog
d:\0000.강의\2024\1학기\서울_(화123_g206)_자료구조\source\ms_visualstudio_2019_sourcecode\ch04\ch04_4\debug\ch04_4.tlog\link.command.1.tlog
d:\0000.강의\2024\1학기\서울_(화123_g206)_자료구조\source\ms_visualstudio_2019_sourcecode\ch04\ch04_4\debug\ch04_4.tlog\link.read.1.tlog
d:\0000.강의\2024\1학기\서울_(화123_g206)_자료구조\source\ms_visualstudio_2019_sourcecode\ch04\ch04_4\debug\ch04_4.tlog\link.write.1.tlog
