c:\users\jeeyoung\source\repos\ch04\ch04_3\debug\vc142.pdb
c:\users\jeeyoung\source\repos\ch04\ch04_3\debug\vc142.idb
c:\users\jeeyoung\source\repos\ch04\ch04_3\debug\ex4_3.obj
c:\users\jeeyoung\source\repos\ch04\ch04_3\debug\circularlinkedlist.obj
d:\저술\c_자료구조_4판\source\ms_visualstudio_2019_sourcecode\ch04\ch04_3\debug\vc142.pdb
d:\저술\c_자료구조_4판\source\ms_visualstudio_2019_sourcecode\ch04\ch04_3\debug\vc142.idb
d:\저술\c_자료구조_4판\source\ms_visualstudio_2019_sourcecode\ch04\ch04_3\debug\ex4_3.obj
d:\저술\c_자료구조_4판\source\ms_visualstudio_2019_sourcecode\ch04\ch04_3\debug\circularlinkedlist.obj
c:\users\jeeyoung\source\repos\ch04\debug\ch04_3.exe
c:\users\jeeyoung\source\repos\ch04\debug\ch04_3.ilk
c:\users\jeeyoung\source\repos\ch04\debug\ch04_3.pdb
d:\저술\c_자료구조_4판\source\ms_visualstudio_2019_sourcecode\ch04\ch04_3\debug\ch04_3.ilk
d:\저술\c_자료구조_4판\source\ms_visualstudio_2019_sourcecode\ch04\debug\ch04_3.exe
d:\저술\c_자료구조_4판\source\ms_visualstudio_2019_sourcecode\ch04\debug\ch04_3.pdb
d:\0000.강의\2024\1학기\서울_(화123_g206)_자료구조\source\ms_visualstudio_2019_sourcecode\ch04\ch04_3\debug\circularlinkedlist.obj
d:\0000.강의\2024\1학기\서울_(화123_g206)_자료구조\source\ms_visualstudio_2019_sourcecode\ch04\ch04_3\debug\ex4_3.obj
d:\0000.강의\2024\1학기\서울_(화123_g206)_자료구조\source\ms_visualstudio_2019_sourcecode\ch04\ch04_3\debug\ch04_3.ilk
d:\0000.강의\2024\1학기\서울_(화123_g206)_자료구조\source\ms_visualstudio_2019_sourcecode\ch04\ch04_3\debug\vc142.idb
d:\0000.강의\2024\1학기\서울_(화123_g206)_자료구조\source\ms_visualstudio_2019_sourcecode\ch04\ch04_3\debug\vc142.pdb
d:\0000.강의\2024\1학기\서울_(화123_g206)_자료구조\source\ms_visualstudio_2019_sourcecode\ch04\ch04_3\debug\ch04_3.tlog\cl.command.1.tlog
d:\0000.강의\2024\1학기\서울_(화123_g206)_자료구조\source\ms_visualstudio_2019_sourcecode\ch04\ch04_3\debug\ch04_3.tlog\cl.read.1.tlog
d:\0000.강의\2024\1학기\서울_(화123_g206)_자료구조\source\ms_visualstudio_2019_sourcecode\ch04\ch04_3\debug\ch04_3.tlog\cl.write.1.tlog
d:\0000.강의\2024\1학기\서울_(화123_g206)_자료구조\source\ms_visualstudio_2019_sourcecode\ch04\ch04_3\debug\ch04_3.tlog\link.command.1.tlog
d:\0000.강의\2024\1학기\서울_(화123_g206)_자료구조\source\ms_visualstudio_2019_sourcecode\ch04\ch04_3\debug\ch04_3.tlog\link.read.1.tlog
d:\0000.강의\2024\1학기\서울_(화123_g206)_자료구조\source\ms_visualstudio_2019_sourcecode\ch04\ch04_3\debug\ch04_3.tlog\link.write.1.tlog
